14-Feb-2024 22:02:11.199 INFORMACIÓN [http-nio-8080-exec-2] org.apache.catalina.core.ApplicationContext.log  Velocity  [trace] Searching for properties at: /org/apache/velocity/tools/view/velocity.properties
14-Feb-2024 22:02:11.199 INFORMACIÓN [http-nio-8080-exec-2] org.apache.catalina.core.ApplicationContext.log  Velocity  [trace] Searching for properties at: /WEB-INF/velocity.properties
14-Feb-2024 22:02:11.199 INFORMACIÓN [http-nio-8080-exec-2] org.apache.catalina.core.ApplicationContext.log  Velocity  [debug] Configuring Velocity with properties at: /WEB-INF/velocity.properties
14-Feb-2024 22:02:11.199 INFORMACIÓN [http-nio-8080-exec-2] org.apache.catalina.core.ApplicationContext.log  Velocity  [debug] Initializing Velocity, Calling init()...
14-Feb-2024 22:02:11.199 INFORMACIÓN [http-nio-8080-exec-2] org.apache.catalina.core.ApplicationContext.log  Velocity  [trace] *******************************************************************
14-Feb-2024 22:02:11.199 INFORMACIÓN [http-nio-8080-exec-2] org.apache.catalina.core.ApplicationContext.log  Velocity  [debug] Starting Apache Velocity v1.7 (compiled: 2010-11-19 12:14:37)
14-Feb-2024 22:02:11.199 INFORMACIÓN [http-nio-8080-exec-2] org.apache.catalina.core.ApplicationContext.log  Velocity  [trace] RuntimeInstance initializing.
14-Feb-2024 22:02:11.199 INFORMACIÓN [http-nio-8080-exec-2] org.apache.catalina.core.ApplicationContext.log  Velocity  [debug] Default Properties File: org/apache/velocity/runtime/defaults/velocity.properties
14-Feb-2024 22:02:11.199 INFORMACIÓN [http-nio-8080-exec-2] org.apache.catalina.core.ApplicationContext.log  Velocity  [debug] Trying to use logger class org.apache.velocity.runtime.log.ServletLogChute
14-Feb-2024 22:02:11.199 INFORMACIÓN [http-nio-8080-exec-2] org.apache.catalina.core.ApplicationContext.log  Velocity  [debug] Using logger class org.apache.velocity.runtime.log.ServletLogChute
14-Feb-2024 22:02:11.200 INFORMACIÓN [http-nio-8080-exec-2] org.apache.catalina.core.ApplicationContext.log  Velocity  [trace] Default ResourceManager initializing. (class org.apache.velocity.runtime.resource.ResourceManagerImpl)
14-Feb-2024 22:02:11.201 INFORMACIÓN [http-nio-8080-exec-2] org.apache.catalina.core.ApplicationContext.log  Velocity  [debug] ResourceLoader instantiated: org.apache.velocity.tools.view.WebappResourceLoader
14-Feb-2024 22:02:11.202 INFORMACIÓN [http-nio-8080-exec-2] org.apache.catalina.core.ApplicationContext.log  Velocity  [trace] WebappResourceLoader: initialization starting.
14-Feb-2024 22:02:11.202 INFORMACIÓN [http-nio-8080-exec-2] org.apache.catalina.core.ApplicationContext.log  Velocity  [trace] WebappResourceLoader: initialization complete.
14-Feb-2024 22:02:11.204 INFORMACIÓN [http-nio-8080-exec-2] org.apache.catalina.core.ApplicationContext.log  Velocity  [debug] ResourceCache: initialized (class org.apache.velocity.runtime.resource.ResourceCacheImpl) with class java.util.Collections$SynchronizedMap cache map.
14-Feb-2024 22:02:11.204 INFORMACIÓN [http-nio-8080-exec-2] org.apache.catalina.core.ApplicationContext.log  Velocity  [trace] Default ResourceManager initialization complete.
14-Feb-2024 22:02:11.204 INFORMACIÓN [http-nio-8080-exec-2] org.apache.catalina.core.ApplicationContext.log  Velocity  [debug] Loaded System Directive: org.apache.velocity.runtime.directive.Stop
14-Feb-2024 22:02:11.205 INFORMACIÓN [http-nio-8080-exec-2] org.apache.catalina.core.ApplicationContext.log  Velocity  [debug] Loaded System Directive: org.apache.velocity.runtime.directive.Define
14-Feb-2024 22:02:11.205 INFORMACIÓN [http-nio-8080-exec-2] org.apache.catalina.core.ApplicationContext.log  Velocity  [debug] Loaded System Directive: org.apache.velocity.runtime.directive.Break
14-Feb-2024 22:02:11.206 INFORMACIÓN [http-nio-8080-exec-2] org.apache.catalina.core.ApplicationContext.log  Velocity  [debug] Loaded System Directive: org.apache.velocity.runtime.directive.Evaluate
14-Feb-2024 22:02:11.206 INFORMACIÓN [http-nio-8080-exec-2] org.apache.catalina.core.ApplicationContext.log  Velocity  [debug] Loaded System Directive: org.apache.velocity.runtime.directive.Literal
14-Feb-2024 22:02:11.206 INFORMACIÓN [http-nio-8080-exec-2] org.apache.catalina.core.ApplicationContext.log  Velocity  [debug] Loaded System Directive: org.apache.velocity.runtime.directive.Macro
14-Feb-2024 22:02:11.207 INFORMACIÓN [http-nio-8080-exec-2] org.apache.catalina.core.ApplicationContext.log  Velocity  [debug] Loaded System Directive: org.apache.velocity.runtime.directive.Parse
14-Feb-2024 22:02:11.207 INFORMACIÓN [http-nio-8080-exec-2] org.apache.catalina.core.ApplicationContext.log  Velocity  [debug] Loaded System Directive: org.apache.velocity.runtime.directive.Include
14-Feb-2024 22:02:11.208 INFORMACIÓN [http-nio-8080-exec-2] org.apache.catalina.core.ApplicationContext.log  Velocity  [debug] Loaded System Directive: org.apache.velocity.runtime.directive.Foreach
14-Feb-2024 22:02:11.218 INFORMACIÓN [http-nio-8080-exec-2] org.apache.catalina.core.ApplicationContext.log  Velocity  [debug] Created '20' parsers.
14-Feb-2024 22:02:11.219 INFORMACIÓN [http-nio-8080-exec-2] org.apache.catalina.core.ApplicationContext.log  Velocity  [trace] Velocimacro : initialization starting.
14-Feb-2024 22:02:11.219 INFORMACIÓN [http-nio-8080-exec-2] org.apache.catalina.core.ApplicationContext.log  Velocity  [debug] Velocimacro : "velocimacro.library" is not set.  Trying default library: VM_global_library.vm
14-Feb-2024 22:02:11.219 INFORMACIÓN [http-nio-8080-exec-2] org.apache.catalina.core.ApplicationContext.log  Velocity  [debug] Could not load resource 'VM_global_library.vm' from ResourceLoader org.apache.velocity.tools.view.WebappResourceLoader: WebappResourceLoader: Resource 'VM_global_library.vm' not found.
14-Feb-2024 22:02:11.219 INFORMACIÓN [http-nio-8080-exec-2] org.apache.catalina.core.ApplicationContext.log  Velocity  [debug] Velocimacro : Default library not found.
14-Feb-2024 22:02:11.219 INFORMACIÓN [http-nio-8080-exec-2] org.apache.catalina.core.ApplicationContext.log  Velocity  [debug] Velocimacro : allowInline = true : VMs can be defined inline in templates
14-Feb-2024 22:02:11.219 INFORMACIÓN [http-nio-8080-exec-2] org.apache.catalina.core.ApplicationContext.log  Velocity  [debug] Velocimacro : allowInlineToOverride = false : VMs defined inline may NOT replace previous VM definitions
14-Feb-2024 22:02:11.219 INFORMACIÓN [http-nio-8080-exec-2] org.apache.catalina.core.ApplicationContext.log  Velocity  [debug] Velocimacro : allowInlineLocal = false : VMs defined inline will be global in scope if allowed.
14-Feb-2024 22:02:11.219 INFORMACIÓN [http-nio-8080-exec-2] org.apache.catalina.core.ApplicationContext.log  Velocity  [debug] Velocimacro : autoload off : VM system will not automatically reload global library macros
14-Feb-2024 22:02:11.219 INFORMACIÓN [http-nio-8080-exec-2] org.apache.catalina.core.ApplicationContext.log  Velocity  [trace] Velocimacro : Velocimacro : initialization complete.
14-Feb-2024 22:02:11.219 INFORMACIÓN [http-nio-8080-exec-2] org.apache.catalina.core.ApplicationContext.log  Velocity  [trace] RuntimeInstance successfully initialized.
14-Feb-2024 22:02:11.219 INFORMACIÓN [http-nio-8080-exec-2] org.apache.catalina.core.ApplicationContext.log  Velocity  [trace] Searching for configuration at: /WEB-INF/toolbox.xml
14-Feb-2024 22:02:11.220 INFORMACIÓN [http-nio-8080-exec-2] org.apache.catalina.core.ApplicationContext.log  Velocity  [debug] Did not find resource at: /WEB-INF/toolbox.xml
14-Feb-2024 22:02:11.220 INFORMACIÓN [http-nio-8080-exec-2] org.apache.catalina.core.ApplicationContext.log  Velocity  [trace] Loading default tools configuration...
14-Feb-2024 22:02:11.280 INFORMACIÓN [http-nio-8080-exec-2] org.apache.catalina.core.ApplicationContext.log  Velocity  [trace] Searching for configuration at: /WEB-INF/tools.xml
14-Feb-2024 22:02:11.281 INFORMACIÓN [http-nio-8080-exec-2] org.apache.catalina.core.ApplicationContext.log  Velocity  [debug] Did not find resource at: /WEB-INF/tools.xml
14-Feb-2024 22:02:11.281 INFORMACIÓN [http-nio-8080-exec-2] org.apache.catalina.core.ApplicationContext.log  Velocity  [debug] Configuring factory with: 
FactoryConfiguration from 6 sources including 4 data with 3 toolboxes: 
 Toolbox 'application' with 1 properties [scope -auto-> application; ] and 12 tools: 
  Tool 'alternator' => org.apache.velocity.tools.generic.AlternatorTool 
  Tool 'class' => org.apache.velocity.tools.generic.ClassTool 
  Tool 'convert' => org.apache.velocity.tools.generic.ConversionTool 
  Tool 'date' => org.apache.velocity.tools.generic.ComparisonDateTool 
  Tool 'display' => org.apache.velocity.tools.generic.DisplayTool 
  Tool 'esc' => org.apache.velocity.tools.generic.EscapeTool 
  Tool 'field' => org.apache.velocity.tools.generic.FieldTool 
  Tool 'math' => org.apache.velocity.tools.generic.MathTool 
  Tool 'number' => org.apache.velocity.tools.generic.NumberTool 
  Tool 'sorter' => org.apache.velocity.tools.generic.SortTool 
  Tool 'text' => org.apache.velocity.tools.generic.ResourceTool 
  Tool 'xml' => org.apache.velocity.tools.generic.XmlTool 
  
 Toolbox 'request' with 1 properties [scope -auto-> request; ] and 15 tools: 
  Tool 'context' => org.apache.velocity.tools.view.ViewContextTool 
  Tool 'cookies' => org.apache.velocity.tools.view.CookieTool 
  Tool 'errors' => org.apache.velocity.tools.struts.ErrorsTool 
  Tool 'form' => org.apache.velocity.tools.struts.FormTool 
  Tool 'import' => org.apache.velocity.tools.view.ImportTool 
  Tool 'include' => org.apache.velocity.tools.view.IncludeTool 
  Tool 'link' => org.apache.velocity.tools.struts.StrutsLinkTool 
  Tool 'loop' => org.apache.velocity.tools.generic.LoopTool 
  Tool 'messages' => org.apache.velocity.tools.struts.ActionMessagesTool 
  Tool 'pager' => org.apache.velocity.tools.view.PagerTool 
  Tool 'params' => org.apache.velocity.tools.view.ParameterTool 
  Tool 'render' => org.apache.velocity.tools.generic.RenderTool 
  Tool 'text' => org.apache.velocity.tools.struts.MessageTool 
  Tool 'tiles' => org.apache.velocity.tools.struts.TilesTool 
  Tool 'validator' => org.apache.velocity.tools.struts.ValidatorTool 
  
 Toolbox 'session' with 2 properties [createSession -auto-> false; scope -auto-> session; ] and 1 tools: 
  Tool 'browser' => org.apache.velocity.tools.view.BrowserTool 
  
 Data 'GENERIC_TOOLS_AVAILABLE' -boolean-> true
 Data 'STRUTS_TOOLS_AVAILABLE' -boolean-> true
 Data 'TOOLS_VERSION' -number-> 2.0
 Data 'VIEW_TOOLS_AVAILABLE' -boolean-> true
 
 Source 0: org.apache.velocity.tools.config.FactoryConfiguration(VelocityView.configure(config,factory))
 Source 1: org.apache.velocity.tools.config.XmlFactoryConfiguration(ConfigurationUtils.getDefaultTools())
 Source 2:     .read(jar:file:/home/oswaldo/source/test/java/apache-velocity/target/apache-tomee/webapps/ROOT/WEB-INF/lib/velocity-tools-2.0.jar!/org/apache/velocity/tools/generic/tools.xml)
 Source 3:     .read(jar:file:/home/oswaldo/source/test/java/apache-velocity/target/apache-tomee/webapps/ROOT/WEB-INF/lib/velocity-tools-2.0.jar!/org/apache/velocity/tools/view/tools.xml)
 Source 4:     .read(jar:file:/home/oswaldo/source/test/java/apache-velocity/target/apache-tomee/webapps/ROOT/WEB-INF/lib/velocity-tools-2.0.jar!/org/apache/velocity/tools/struts/tools.xml)
 Source 5: org.apache.velocity.tools.config.FactoryConfiguration(ConfigurationUtils.getAutoLoaded(false))

14-Feb-2024 22:02:11.282 INFORMACIÓN [http-nio-8080-exec-2] org.apache.catalina.core.ApplicationContext.log  Velocity  [debug] Default Content-Type is: text/html
14-Feb-2024 22:02:11.282 INFORMACIÓN [http-nio-8080-exec-2] org.apache.catalina.core.ApplicationContext.log  Velocity   [info] VelocityLayoutServlet: Error screen is 'Error.vm'
14-Feb-2024 22:02:11.282 INFORMACIÓN [http-nio-8080-exec-2] org.apache.catalina.core.ApplicationContext.log  Velocity   [info] VelocityLayoutServlet: Layout directory is 'layout/'
14-Feb-2024 22:02:11.282 INFORMACIÓN [http-nio-8080-exec-2] org.apache.catalina.core.ApplicationContext.log  Velocity   [info] VelocityLayoutServlet: Default layout template is 'Default.vm'
14-Feb-2024 22:02:12.165 INFORMACIÓN [http-nio-8080-exec-2] org.apache.catalina.core.ApplicationContext.log  Velocity  [debug] ResourceManager : found templates/layoutdemo.vm with loader org.apache.velocity.tools.view.WebappResourceLoader
14-Feb-2024 22:02:12.169 INFORMACIÓN [http-nio-8080-exec-2] org.apache.catalina.core.ApplicationContext.log  Velocity  [error] ResourceManager : unable to find resource 'layout/layout.vm' in any resource loader.
14-Feb-2024 22:02:12.169 INFORMACIÓN [http-nio-8080-exec-2] org.apache.catalina.core.ApplicationContext.log  Velocity  [error] Can't load layout "layout/layout.vm" - org.apache.velocity.exception.ResourceNotFoundException: Unable to find resource 'layout/layout.vm'
org.apache.velocity.exception.ResourceNotFoundException: Unable to find resource 'layout/layout.vm'
	at org.apache.velocity.runtime.resource.ResourceManagerImpl.loadResource(ResourceManagerImpl.java:474)
	at org.apache.velocity.runtime.resource.ResourceManagerImpl.getResource(ResourceManagerImpl.java:352)
	at org.apache.velocity.runtime.RuntimeInstance.getTemplate(RuntimeInstance.java:1533)
	at org.apache.velocity.runtime.RuntimeInstance.getTemplate(RuntimeInstance.java:1514)
	at org.apache.velocity.app.VelocityEngine.getTemplate(VelocityEngine.java:373)
	at org.apache.velocity.tools.view.VelocityView.getTemplate(VelocityView.java:861)
	at org.apache.velocity.tools.view.VelocityView.getTemplate(VelocityView.java:839)
	at org.apache.velocity.tools.view.VelocityViewServlet.getTemplate(VelocityViewServlet.java:301)
	at org.apache.velocity.tools.view.VelocityLayoutServlet.mergeTemplate(VelocityLayoutServlet.java:231)
	at org.apache.velocity.tools.view.VelocityViewServlet.doRequest(VelocityViewServlet.java:220)
	at org.apache.velocity.tools.view.VelocityViewServlet.doGet(VelocityViewServlet.java:182)
	at javax.servlet.http.HttpServlet.service(HttpServlet.java:635)
	at javax.servlet.http.HttpServlet.service(HttpServlet.java:742)
	at org.apache.catalina.core.ApplicationFilterChain.internalDoFilter(ApplicationFilterChain.java:231)
	at org.apache.catalina.core.ApplicationFilterChain.doFilter(ApplicationFilterChain.java:166)
	at org.apache.tomcat.websocket.server.WsFilter.doFilter(WsFilter.java:52)
	at org.apache.catalina.core.ApplicationFilterChain.internalDoFilter(ApplicationFilterChain.java:193)
	at org.apache.catalina.core.ApplicationFilterChain.doFilter(ApplicationFilterChain.java:166)
	at org.apache.openejb.server.httpd.EEFilter.doFilter(EEFilter.java:65)
	at org.apache.catalina.core.ApplicationFilterChain.internalDoFilter(ApplicationFilterChain.java:193)
	at org.apache.catalina.core.ApplicationFilterChain.doFilter(ApplicationFilterChain.java:166)
	at org.apache.catalina.core.StandardWrapperValve.invoke(StandardWrapperValve.java:198)
	at org.apache.catalina.core.StandardContextValve.invoke(StandardContextValve.java:96)
	at org.apache.tomee.catalina.OpenEJBValve.invoke(OpenEJBValve.java:44)
	at org.apache.catalina.authenticator.AuthenticatorBase.invoke(AuthenticatorBase.java:493)
	at org.apache.catalina.core.StandardHostValve.invoke(StandardHostValve.java:140)
	at org.apache.catalina.valves.ErrorReportValve.invoke(ErrorReportValve.java:81)
	at org.apache.tomee.catalina.OpenEJBSecurityListener$RequestCapturer.invoke(OpenEJBSecurityListener.java:97)
	at org.apache.catalina.valves.AbstractAccessLogValve.invoke(AbstractAccessLogValve.java:650)
	at org.apache.catalina.core.StandardEngineValve.invoke(StandardEngineValve.java:87)
	at org.apache.catalina.connector.CoyoteAdapter.service(CoyoteAdapter.java:342)
	at org.apache.coyote.http11.Http11Processor.service(Http11Processor.java:800)
	at org.apache.coyote.AbstractProcessorLight.process(AbstractProcessorLight.java:66)
	at org.apache.coyote.AbstractProtocol$ConnectionHandler.process(AbstractProtocol.java:800)
	at org.apache.tomcat.util.net.NioEndpoint$SocketProcessor.doRun(NioEndpoint.java:1471)
	at org.apache.tomcat.util.net.SocketProcessorBase.run(SocketProcessorBase.java:49)
	at java.util.concurrent.ThreadPoolExecutor.runWorker(ThreadPoolExecutor.java:1149)
	at java.util.concurrent.ThreadPoolExecutor$Worker.run(ThreadPoolExecutor.java:624)
	at org.apache.tomcat.util.threads.TaskThread$WrappingRunnable.run(TaskThread.java:61)
	at java.lang.Thread.run(Thread.java:750)

14-Feb-2024 22:02:12.170 INFORMACIÓN [http-nio-8080-exec-2] org.apache.catalina.core.ApplicationContext.log  Velocity  [debug] ResourceManager : found layout/Default.vm with loader org.apache.velocity.tools.view.WebappResourceLoader
14-Feb-2024 22:02:12.170 INFORMACIÓN [http-nio-8080-exec-2] org.apache.catalina.core.ApplicationContext.log  Velocity  [debug] ResourceManager : found /fragments/header.vm with loader org.apache.velocity.tools.view.WebappResourceLoader
14-Feb-2024 22:02:12.171 INFORMACIÓN [http-nio-8080-exec-2] org.apache.catalina.core.ApplicationContext.log  Velocity  [debug] ResourceManager : found /fragments/footer.vm with loader org.apache.velocity.tools.view.WebappResourceLoader
14-Feb-2024 22:02:12.206 INFORMACIÓN [http-nio-8080-exec-3] org.apache.catalina.core.ApplicationContext.log  Velocity  [debug] ResourceManager : found templates/index.vm with loader org.apache.velocity.tools.view.WebappResourceLoader
14-Feb-2024 22:02:12.208 INFORMACIÓN [http-nio-8080-exec-3] org.apache.catalina.core.ApplicationContext.log  Velocity  [debug] Null reference [template 'templates/index.vm', line 54, column 21] : $product.getAge() cannot be resolved.
14-Feb-2024 22:02:12.210 INFORMACIÓN [http-nio-8080-exec-3] org.apache.catalina.core.ApplicationContext.log  Velocity  [debug] Null reference [template 'templates/index.vm', line 54, column 21] : $product.getAge() cannot be resolved.
14-Feb-2024 22:02:12.210 INFORMACIÓN [http-nio-8080-exec-3] org.apache.catalina.core.ApplicationContext.log  Velocity  [debug] Null reference [template 'templates/index.vm', line 54, column 21] : $product.getAge() cannot be resolved.
14-Feb-2024 22:02:12.210 INFORMACIÓN [http-nio-8080-exec-3] org.apache.catalina.core.ApplicationContext.log  Velocity  [debug] Null reference [template 'templates/index.vm', line 54, column 21] : $product.getAge() cannot be resolved.
14-Feb-2024 22:04:35.316 INFORMACIÓN [http-nio-8080-exec-6] org.apache.catalina.core.ApplicationContext.log  Velocity  [error] ResourceManager : unable to find resource 'layout/layout.vm' in any resource loader.
14-Feb-2024 22:04:35.317 INFORMACIÓN [http-nio-8080-exec-6] org.apache.catalina.core.ApplicationContext.log  Velocity  [error] Can't load layout "layout/layout.vm" - org.apache.velocity.exception.ResourceNotFoundException: Unable to find resource 'layout/layout.vm'
org.apache.velocity.exception.ResourceNotFoundException: Unable to find resource 'layout/layout.vm'
	at org.apache.velocity.runtime.resource.ResourceManagerImpl.loadResource(ResourceManagerImpl.java:474)
	at org.apache.velocity.runtime.resource.ResourceManagerImpl.getResource(ResourceManagerImpl.java:352)
	at org.apache.velocity.runtime.RuntimeInstance.getTemplate(RuntimeInstance.java:1533)
	at org.apache.velocity.runtime.RuntimeInstance.getTemplate(RuntimeInstance.java:1514)
	at org.apache.velocity.app.VelocityEngine.getTemplate(VelocityEngine.java:373)
	at org.apache.velocity.tools.view.VelocityView.getTemplate(VelocityView.java:861)
	at org.apache.velocity.tools.view.VelocityView.getTemplate(VelocityView.java:839)
	at org.apache.velocity.tools.view.VelocityViewServlet.getTemplate(VelocityViewServlet.java:301)
	at org.apache.velocity.tools.view.VelocityLayoutServlet.mergeTemplate(VelocityLayoutServlet.java:231)
	at org.apache.velocity.tools.view.VelocityViewServlet.doRequest(VelocityViewServlet.java:220)
	at org.apache.velocity.tools.view.VelocityViewServlet.doGet(VelocityViewServlet.java:182)
	at javax.servlet.http.HttpServlet.service(HttpServlet.java:635)
	at javax.servlet.http.HttpServlet.service(HttpServlet.java:742)
	at org.apache.catalina.core.ApplicationFilterChain.internalDoFilter(ApplicationFilterChain.java:231)
	at org.apache.catalina.core.ApplicationFilterChain.doFilter(ApplicationFilterChain.java:166)
	at org.apache.tomcat.websocket.server.WsFilter.doFilter(WsFilter.java:52)
	at org.apache.catalina.core.ApplicationFilterChain.internalDoFilter(ApplicationFilterChain.java:193)
	at org.apache.catalina.core.ApplicationFilterChain.doFilter(ApplicationFilterChain.java:166)
	at org.apache.openejb.server.httpd.EEFilter.doFilter(EEFilter.java:65)
	at org.apache.catalina.core.ApplicationFilterChain.internalDoFilter(ApplicationFilterChain.java:193)
	at org.apache.catalina.core.ApplicationFilterChain.doFilter(ApplicationFilterChain.java:166)
	at org.apache.catalina.core.StandardWrapperValve.invoke(StandardWrapperValve.java:198)
	at org.apache.catalina.core.StandardContextValve.invoke(StandardContextValve.java:96)
	at org.apache.tomee.catalina.OpenEJBValve.invoke(OpenEJBValve.java:44)
	at org.apache.catalina.authenticator.AuthenticatorBase.invoke(AuthenticatorBase.java:493)
	at org.apache.catalina.core.StandardHostValve.invoke(StandardHostValve.java:140)
	at org.apache.catalina.valves.ErrorReportValve.invoke(ErrorReportValve.java:81)
	at org.apache.tomee.catalina.OpenEJBSecurityListener$RequestCapturer.invoke(OpenEJBSecurityListener.java:97)
	at org.apache.catalina.valves.AbstractAccessLogValve.invoke(AbstractAccessLogValve.java:650)
	at org.apache.catalina.core.StandardEngineValve.invoke(StandardEngineValve.java:87)
	at org.apache.catalina.connector.CoyoteAdapter.service(CoyoteAdapter.java:342)
	at org.apache.coyote.http11.Http11Processor.service(Http11Processor.java:800)
	at org.apache.coyote.AbstractProcessorLight.process(AbstractProcessorLight.java:66)
	at org.apache.coyote.AbstractProtocol$ConnectionHandler.process(AbstractProtocol.java:800)
	at org.apache.tomcat.util.net.NioEndpoint$SocketProcessor.doRun(NioEndpoint.java:1471)
	at org.apache.tomcat.util.net.SocketProcessorBase.run(SocketProcessorBase.java:49)
	at java.util.concurrent.ThreadPoolExecutor.runWorker(ThreadPoolExecutor.java:1149)
	at java.util.concurrent.ThreadPoolExecutor$Worker.run(ThreadPoolExecutor.java:624)
	at org.apache.tomcat.util.threads.TaskThread$WrappingRunnable.run(TaskThread.java:61)
	at java.lang.Thread.run(Thread.java:750)

14-Feb-2024 22:04:35.346 INFORMACIÓN [http-nio-8080-exec-7] org.apache.catalina.core.ApplicationContext.log  Velocity  [debug] Null reference [template 'templates/index.vm', line 54, column 21] : $product.getAge() cannot be resolved.
14-Feb-2024 22:04:35.346 INFORMACIÓN [http-nio-8080-exec-7] org.apache.catalina.core.ApplicationContext.log  Velocity  [debug] Null reference [template 'templates/index.vm', line 54, column 21] : $product.getAge() cannot be resolved.
14-Feb-2024 22:04:35.346 INFORMACIÓN [http-nio-8080-exec-7] org.apache.catalina.core.ApplicationContext.log  Velocity  [debug] Null reference [template 'templates/index.vm', line 54, column 21] : $product.getAge() cannot be resolved.
14-Feb-2024 22:04:35.346 INFORMACIÓN [http-nio-8080-exec-7] org.apache.catalina.core.ApplicationContext.log  Velocity  [debug] Null reference [template 'templates/index.vm', line 54, column 21] : $product.getAge() cannot be resolved.
